C51 COMPILER V9.60.0.0   LCD12864                                                          05/16/2020 14:51:04 PAGE 1   


C51 COMPILER V9.60.0.0, COMPILATION OF MODULE LCD12864
OBJECT MODULE PLACED IN .\output\LCD12864.obj
COMPILER INVOKED BY: D:\Softwares\Keil_v5\C51\BIN\C51.EXE src\LCD12864.c OPTIMIZE(8,SPEED) BROWSE INCDIR(.\inc) DEBUG OB
                    -JECTEXTEND PRINT(.\output\LCD12864.lst) TABS(2) OBJECT(.\output\LCD12864.obj)

line level    source

   1          #include "LCD12864.h"
   2          
   3          #include "reg52.h"
   4          #include "intrins.h"
   5          #include "string.h"
   6          #include "stdio.h"
   7          
   8          
   9          uchar code dis_position[4][8]=
  10          {
  11            {0x80,0x81,0x82,0x83,0x84,0x85,0x86,0x87},
  12            {0x90,0x91,0x92,0x93,0x94,0x95,0x96,0x97},
  13            {0x88,0x89,0x8a,0x8b,0x8c,0x8d,0x8e,0x8f},
  14            {0x98,0x99,0x9a,0x9b,0x9c,0x9d,0x9e,0x9f}
  15          };
  16          
  17          
  18          /*********************************************
  19          LCD12864复位
  20          *********************************************/
  21          void LCD12864_restart (void)
  22          {
  23   1      //  PSB=1;                 //设置为8BIT并口工作模式
  24   1        RST=0;                 //复位
  25   1        delay_10us(100);
  26   1        RST=1;                 //复位置高
  27   1        LCD12864_write_cmd(0x30);//设定8位MPU控制界面(功能设定内)
  28   1      
  29   1      }
  30          
  31          
  32          /*********************************************
  33          LCD12864字符初始化
  34          *********************************************/
  35          void LCD12864_init_character (void)
  36          {
  37   1        delay_10us(5000);
  38   1      
  39   1        LCD12864_write_cmd(0x30);//设定拓展指令集!!!
  40   1        LCD12864_write_cmd(0x34);//绘图显示  关
  41   1      
  42   1      
  43   1        LCD12864_write_cmd(0x30);//设定基本指令集!!!
  44   1          LCD12864_write_cmd(0x03);//地址归位
  45   1          LCD12864_write_cmd(0x0c);//开显示及光标设置
  46   1          LCD12864_write_cmd(0x06);//显示光标移动设置
  47   1        LCD12864_write_cmd(0x01);//显示清屏 
  48   1      }
  49          
  50          
  51          /*********************************************
  52          LCD12864图片初始化
  53          *********************************************/
  54          void LCD12864_init_picture (void)
C51 COMPILER V9.60.0.0   LCD12864                                                          05/16/2020 14:51:04 PAGE 2   

  55          {
  56   1        delay_10us(5000);
  57   1      
  58   1        LCD12864_write_cmd(0x30);//设定基本指令集!!!
  59   1        LCD12864_write_cmd(0x08);// 显示 关
  60   1      
  61   1      
  62   1        LCD12864_write_cmd(0x34);//设定拓展指令集!!!
  63   1        LCD12864_write_cmd(0x36);//扩充指令动作 绘图显示 开
  64   1      
  65   1        LCD12864_Clear_picture();//清屏
  66   1          
  67   1      }
  68          
  69          
  70          /*********************************************
  71          清除图片
  72          *********************************************/
  73          void LCD12864_Clear_picture (void)
  74          {
  75   1         int i,j;
  76   1      //*******显示上半屏内容设置
  77   1         for(i=0;i<32;i++)              //
  78   1          { 
  79   2            LCD12864_write_cmd(0x80 + i); //SET  垂直地址 VERTICAL ADD
  80   2            LCD12864_write_cmd(0x80);       //SET  水平地址 HORIZONTAL ADD
  81   2            for(j=0;j<16;j++)
  82   2             {
  83   3               LCD12864_write_data(0x00);
  84   3             }
  85   2          }    
  86   1      //*******显示下半屏内容设置
  87   1         for(i=0;i<32;i++)              //
  88   1          {
  89   2            LCD12864_write_cmd(0x80 + i); //SET 垂直地址 VERTICAL ADD
  90   2            LCD12864_write_cmd(0x88);       //SET 水平地址 HORIZONTAL ADD
  91   2            for(j=0;j<16;j++)
  92   2             {
  93   3               LCD12864_write_data(0x00);
  94   3             }
  95   2          } 
  96   1        
  97   1      }
  98          
  99          
 100          /*********************************************
 101          显示图片
 102          *********************************************/
 103          void LCD12864_display_picture (uchar row,uchar column,uchar *picture) //显示图片有局限
 104          {
 105   1         int i,j;
 106   1      //*******显示上半屏内容设置
 107   1         for(i=0;i<(32-16*row);i++)             
 108   1          { 
 109   2            LCD12864_write_cmd(0x80 + (i+16*row));     //SET  垂直地址 VERTICAL ADD
 110   2            LCD12864_write_cmd(0x80+column);       //SET  水平地址 HORIZONTAL ADD
 111   2            for(j=0;j<(16-2*column);j++)
 112   2             {
 113   3               LCD12864_write_data(*picture++);
 114   3             }
 115   2          }    
 116   1      //*******显示下半屏内容设置
C51 COMPILER V9.60.0.0   LCD12864                                                          05/16/2020 14:51:04 PAGE 3   

 117   1         for(i=0;i<32;i++)             
 118   1          {
 119   2            LCD12864_write_cmd(0x80 + i);      //SET 垂直地址 VERTICAL ADD
 120   2            LCD12864_write_cmd(0x88+column);       //SET 水平地址 HORIZONTAL ADD
 121   2            for(j=0;j<(16-2*column);j++)
 122   2             {
 123   3               LCD12864_write_data(*picture++);
 124   3             }
 125   2          } 
 126   1      }
 127          
 128          
 129          /*********************************************
 130          显示字符串
 131          *********************************************/
 132          void LCD12864_display_character (uchar row,uchar column,uchar *string)  //row 行;column 列
 133          {
 134   1        uchar addr;
 135   1        uchar i;
 136   1        uchar length;
 137   1        length=strlen(string);
 138   1        addr=dis_position[row][column];
 139   1        LCD12864_write_cmd(addr);
 140   1        if(length>(16-2*column))
 141   1          for(i=0;i<(16-2*column);i++)
 142   1          {
 143   2            LCD12864_write_data(*string++);
 144   2          }
 145   1        else
 146   1          for(i=0;i<length;i++)
 147   1          {
 148   2            LCD12864_write_data(*string++);
 149   2          }   
 150   1      }
 151          
 152          
 153          /*********************************************
 154          写数据
 155          *********************************************/
 156          void LCD12864_write_data (uchar dat)
 157          {
 158   1        LCD12864_examine_busy();
 159   1        RS=1;
 160   1        RW=0;
 161   1        _nop_();
 162   1        E=1;
 163   1        RW_LCD=dat;
 164   1        _nop_();
 165   1        _nop_();
 166   1        _nop_();
 167   1        _nop_();
 168   1        _nop_();
 169   1        E=0;    
 170   1      }
 171          
 172          
 173          /*********************************************
 174          写指令
 175          *********************************************/
 176          void LCD12864_write_cmd (uchar cmd)
 177          {
 178   1        LCD12864_examine_busy();
C51 COMPILER V9.60.0.0   LCD12864                                                          05/16/2020 14:51:04 PAGE 4   

 179   1        RS=0;
 180   1        RW=0;
 181   1        _nop_();
 182   1        E=1;
 183   1        RW_LCD=cmd;
 184   1        _nop_();
 185   1        _nop_();
 186   1        _nop_();
 187   1        _nop_();
 188   1        _nop_();
 189   1        E=0;    
 190   1      }
 191          
 192          
 193          /**********************************************
 194          LCD12864忙状态读取函数
 195          **********************************************/
 196          void LCD12864_examine_busy (void)
 197          {
 198   1        RW_LCD=0xff;
 199   1        RS=0;    //命令
 200   1        RW=1;    //读
 201   1        E=1;     //读忙必须拉高E
 202   1        while(1)
 203   1        {
 204   2          if((RW_LCD&0x80)==0)
 205   2            break;  
 206   2        }     
 207   1      }
 208          
 209          
 210          /***********************************************
 211          延时函数:10us周期,12m晶振
 212          ***********************************************/
 213          void delay_10us(uint time)
 214          {
 215   1        while(time--);
 216   1      }
 217          
 218          
 219          
 220          
 221          
 222          
 223          
 224          
 225          
 226          
 227          
 228          
 229          
 230          
 231          
 232          
 233          
 234          
 235          
 236          
 237          
 238          
 239          
 240          
C51 COMPILER V9.60.0.0   LCD12864                                                          05/16/2020 14:51:04 PAGE 5   

 241          


MODULE INFORMATION:   STATIC OVERLAYABLE
   CODE SIZE        =    667    ----
   CONSTANT SIZE    =     32    ----
   XDATA SIZE       =   ----    ----
   PDATA SIZE       =   ----    ----
   DATA SIZE        =   ----      22
   IDATA SIZE       =   ----    ----
   BIT SIZE         =   ----    ----
END OF MODULE INFORMATION.


C51 COMPILATION COMPLETE.  0 WARNING(S),  0 ERROR(S)
